<?xml version="1.0" encoding="UTF-8"?>
<!-- Generated by org.testng.reporters.JUnitReportReporter -->
<testsuite hostname="DESKTOP-NVBV6LU" failures="0" tests="3" name="makemytrip_testcases.Home_Test" time="1.685" errors="0" timestamp="2022-12-08T14:36:11 IST" skipped="0">
  <testcase classname="makemytrip_testcases.Home_Test" name="islogovisible" time="0.251"/>
  <system-out/>
  <testcase classname="makemytrip_testcases.Home_Test" name="verifySpecialOffer" time="0.440"/>
  <system-out/>
  <testcase classname="makemytrip_testcases.Home_Test" name="verifyIntroBiz" time="0.994"/>
  <system-out/>
</testsuite> <!-- makemytrip_testcases.Home_Test -->
