<?xml version="1.0" encoding="UTF-8"?>
<!-- Generated by org.testng.reporters.JUnitReportReporter -->
<testsuite hostname="DESKTOP-NVBV6LU" failures="0" tests="1" name="makemytrip_testcases.FlightBooking_Test" time="31.548" errors="0" timestamp="2023-01-11T00:36:38 IST" skipped="0">
  <testcase classname="makemytrip_testcases.FlightBooking_Test" name="isFlightBooked" time="31.548"/>
  <system-out/>
</testsuite> <!-- makemytrip_testcases.FlightBooking_Test -->
