<?xml version="1.0" encoding="UTF-8"?>
<!-- Generated by org.testng.reporters.JUnitReportReporter -->
<testsuite hostname="DESKTOP-NVBV6LU" failures="0" tests="1" name="makemytrip_testcases.FlightBooking_Test" time="4.996" errors="0" timestamp="2022-12-21T12:13:38 IST" skipped="0">
  <testcase classname="makemytrip_testcases.FlightBooking_Test" name="isFlightBooked" time="4.996"/>
  <system-out/>
</testsuite> <!-- makemytrip_testcases.FlightBooking_Test -->
