<?xml version="1.0" encoding="UTF-8"?>
<!-- Generated by org.testng.reporters.JUnitReportReporter -->
<testsuite hostname="DESKTOP-NVBV6LU" failures="0" tests="1" name="flipkart_testcases.Search_Item_Test" time="2.801" errors="0" timestamp="2022-11-23T13:09:01 IST" skipped="0">
  <testcase classname="flipkart_testcases.Search_Item_Test" name="searchTest" time="2.801"/>
  <system-out/>
</testsuite> <!-- flipkart_testcases.Search_Item_Test -->
